2026-02-10 08:22:30,044 - __main__ - INFO - Initializing experiment with configuration:
task_name: train
model_type: standard
dataset_name: fashionmnist
data_path: ./data
n_train: 1000
n_test: 200
n_val: 200
digits:
- 0
- 2
- 4
- 6
target_dim: 16
preprocessors:
- autoencoder_16
n_pop: 20
n_gen: 10
n_gates: 200
mutation_rate: 0.1
engine_type: hybrid
train_epochs: 30
train_lr: 0.001
gradient_method: spsa
device: null
use_v2_primitives: true
use_scheduler: true
scheduler_patience: 5
scheduler_factor: 0.5
strategy_type: hybrid
eval_epochs: 5
eval_lr: 0.01
eval_max_iter: 50
feature_map_type: angle
num_qubits: 16
verbose: true
seed: 42
save_dir: ./output
output_dir: ./output
resume_dir: null
notifications:
  enabled: true
  title: binary class experiment [0, 2, 4, 6]
binary_groups:
- - 6
- - 0
  - 2
  - 4

2026-02-10 08:22:30,047 - data.dataset.fashion_mnist_dataset - INFO - Loading FashionMNIST data from ./data
2026-02-10 08:22:30,124 - data.dataset.fashion_mnist_dataset - INFO - Using binary groups: [[6], [0, 2, 4]]
2026-02-10 08:22:30,128 - data.dataset.fashion_mnist_dataset - INFO - Subsampled group 1 from 18000 to 6000 to match group 0
2026-02-10 08:22:30,178 - data.dataset.fashion_mnist_dataset - INFO - Loaded 12000 samples with binary groups.
2026-02-10 08:22:30,189 - data.preprocessor.autoencoder - INFO - Loading pre-trained Autoencoder from: /teamspace/studios/this_studio/QCNN_project/src/data/preprocessor/autoencoders/conv_ae_fashionmnist_16.pth
2026-02-10 08:22:31,857 - __main__ - INFO - Starting Task: Standard Training
2026-02-10 08:22:31,858 - training.engines.hybrid - INFO - HybridEngine using device: cpu
2026-02-10 08:22:31,858 - training.engines.hybrid - INFO - HybridEngine: Using gradient method: spsa
2026-02-10 08:22:31,858 - training.pipeline - INFO - Executing Production Pipeline for model: StandardQCNN
2026-02-10 08:22:31,867 - training.pipeline - INFO - Circuit built. Num Qubits: 16, Num Params: 123
2026-02-10 08:22:31,869 - training.engines.hybrid - INFO - HybridEngine: Optimizing 123 parameters.
2026-02-10 08:22:31,875 - training.engines.hybrid - INFO - HybridEngine: Initialized weights with uniform distribution [-0.5, 0.5]
2026-02-10 08:22:31,876 - training.engines.hybrid - INFO - HybridEngine: No checkpoint found at ./output/train_angle_autoencoder16_20260210_082230/checkpoints/train_angle_autoencoder16_20260210_082230_checkpoint.pth.tar. Starting fresh.
2026-02-10 08:24:27,605 - training.engines.hybrid - INFO - Epoch 1/30, Loss: 1.0466 | Acc: 0.4640 | Grad: 1.00e+00 | Val Loss: 1.0606 | Val Acc: 0.4550 | LR: 1.00e-03
2026-02-10 08:26:21,053 - training.engines.hybrid - INFO - Epoch 2/30, Loss: 1.0450 | Acc: 0.4730 | Grad: 9.25e-01 | Val Loss: 1.0582 | Val Acc: 0.4600 | LR: 1.00e-03
2026-02-10 08:28:11,977 - training.engines.hybrid - INFO - Epoch 3/30, Loss: 1.0462 | Acc: 0.4720 | Grad: 8.87e-01 | Val Loss: 1.0561 | Val Acc: 0.4650 | LR: 1.00e-03
2026-02-10 08:30:04,290 - training.engines.hybrid - INFO - Epoch 4/30, Loss: 1.0483 | Acc: 0.4660 | Grad: 9.75e-01 | Val Loss: 1.0573 | Val Acc: 0.4450 | LR: 1.00e-03
2026-02-10 08:31:55,461 - training.engines.hybrid - INFO - Epoch 5/30, Loss: 1.0456 | Acc: 0.4700 | Grad: 9.76e-01 | Val Loss: 1.0559 | Val Acc: 0.4600 | LR: 1.00e-03
2026-02-10 08:33:46,865 - training.engines.hybrid - INFO - Epoch 6/30, Loss: 1.0460 | Acc: 0.4680 | Grad: 1.04e+00 | Val Loss: 1.0585 | Val Acc: 0.4450 | LR: 1.00e-03
2026-02-10 08:35:46,270 - training.engines.hybrid - INFO - Epoch 7/30, Loss: 1.0443 | Acc: 0.4750 | Grad: 1.02e+00 | Val Loss: 1.0554 | Val Acc: 0.4500 | LR: 1.00e-03
2026-02-10 08:38:01,580 - training.engines.hybrid - INFO - Epoch 8/30, Loss: 1.0461 | Acc: 0.4610 | Grad: 9.51e-01 | Val Loss: 1.0526 | Val Acc: 0.4600 | LR: 1.00e-03
2026-02-10 08:40:22,130 - training.engines.hybrid - INFO - Epoch 9/30, Loss: 1.0456 | Acc: 0.4630 | Grad: 1.14e+00 | Val Loss: 1.0560 | Val Acc: 0.4650 | LR: 1.00e-03
2026-02-10 08:42:40,326 - training.engines.hybrid - INFO - Epoch 10/30, Loss: 1.0435 | Acc: 0.4690 | Grad: 9.21e-01 | Val Loss: 1.0560 | Val Acc: 0.4500 | LR: 1.00e-03
2026-02-10 08:44:43,557 - training.engines.hybrid - INFO - Epoch 11/30, Loss: 1.0427 | Acc: 0.4630 | Grad: 1.06e+00 | Val Loss: 1.0564 | Val Acc: 0.4300 | LR: 1.00e-03
2026-02-10 08:46:21,494 - training.engines.hybrid - INFO - Epoch 12/30, Loss: 1.0453 | Acc: 0.4720 | Grad: 1.00e+00 | Val Loss: 1.0582 | Val Acc: 0.4550 | LR: 1.00e-03
2026-02-10 08:47:45,489 - training.engines.hybrid - INFO - Epoch 13/30, Loss: 1.0435 | Acc: 0.4710 | Grad: 9.78e-01 | Val Loss: 1.0512 | Val Acc: 0.4600 | LR: 1.00e-03
2026-02-10 08:49:09,632 - training.engines.hybrid - INFO - Epoch 14/30, Loss: 1.0440 | Acc: 0.4580 | Grad: 9.95e-01 | Val Loss: 1.0558 | Val Acc: 0.4650 | LR: 1.00e-03
2026-02-10 08:50:33,309 - training.engines.hybrid - INFO - Epoch 15/30, Loss: 1.0427 | Acc: 0.4570 | Grad: 9.82e-01 | Val Loss: 1.0549 | Val Acc: 0.4400 | LR: 1.00e-03
2026-02-10 08:51:58,604 - training.engines.hybrid - INFO - Epoch 16/30, Loss: 1.0417 | Acc: 0.4700 | Grad: 1.02e+00 | Val Loss: 1.0549 | Val Acc: 0.4350 | LR: 1.00e-03
2026-02-10 08:53:23,184 - training.engines.hybrid - INFO - Epoch 17/30, Loss: 1.0413 | Acc: 0.4700 | Grad: 8.70e-01 | Val Loss: 1.0586 | Val Acc: 0.4400 | LR: 1.00e-03
2026-02-10 08:54:47,911 - training.engines.hybrid - INFO - Epoch 18/30, Loss: 1.0406 | Acc: 0.4600 | Grad: 8.49e-01 | Val Loss: 1.0570 | Val Acc: 0.4450 | LR: 1.00e-03
2026-02-10 08:56:12,476 - training.engines.hybrid - INFO - Epoch 19/30, Loss: 1.0421 | Acc: 0.4640 | Grad: 9.80e-01 | Val Loss: 1.0480 | Val Acc: 0.4450 | LR: 1.00e-03
2026-02-10 08:57:37,603 - training.engines.hybrid - INFO - Epoch 20/30, Loss: 1.0405 | Acc: 0.4660 | Grad: 8.94e-01 | Val Loss: 1.0532 | Val Acc: 0.4550 | LR: 1.00e-03
2026-02-10 08:59:03,173 - training.engines.hybrid - INFO - Epoch 21/30, Loss: 1.0413 | Acc: 0.4660 | Grad: 9.04e-01 | Val Loss: 1.0559 | Val Acc: 0.4500 | LR: 1.00e-03
2026-02-10 09:00:28,420 - training.engines.hybrid - INFO - Epoch 22/30, Loss: 1.0417 | Acc: 0.4730 | Grad: 9.33e-01 | Val Loss: 1.0539 | Val Acc: 0.4450 | LR: 1.00e-03
2026-02-10 09:01:54,255 - training.engines.hybrid - INFO - Epoch 23/30, Loss: 1.0410 | Acc: 0.4680 | Grad: 9.52e-01 | Val Loss: 1.0595 | Val Acc: 0.4400 | LR: 1.00e-03
2026-02-10 09:02:58,981 - training.engines.hybrid - INFO - Epoch 24/30, Loss: 1.0412 | Acc: 0.4670 | Grad: 9.61e-01 | Val Loss: 1.0526 | Val Acc: 0.4550 | LR: 1.00e-03
2026-02-10 09:03:53,243 - training.engines.hybrid - INFO - Epoch 25/30, Loss: 1.0421 | Acc: 0.4570 | Grad: 9.68e-01 | Val Loss: 1.0541 | Val Acc: 0.4450 | LR: 5.00e-04
2026-02-10 09:04:47,104 - training.engines.hybrid - INFO - Epoch 26/30, Loss: 1.0403 | Acc: 0.4610 | Grad: 9.86e-01 | Val Loss: 1.0523 | Val Acc: 0.4600 | LR: 5.00e-04
2026-02-10 09:05:41,378 - training.engines.hybrid - INFO - Epoch 27/30, Loss: 1.0398 | Acc: 0.4670 | Grad: 1.00e+00 | Val Loss: 1.0576 | Val Acc: 0.4400 | LR: 5.00e-04
2026-02-10 09:06:35,613 - training.engines.hybrid - INFO - Epoch 28/30, Loss: 1.0404 | Acc: 0.4660 | Grad: 9.88e-01 | Val Loss: 1.0556 | Val Acc: 0.4450 | LR: 5.00e-04
2026-02-10 09:07:29,955 - training.engines.hybrid - INFO - Epoch 29/30, Loss: 1.0416 | Acc: 0.4620 | Grad: 9.31e-01 | Val Loss: 1.0502 | Val Acc: 0.4450 | LR: 5.00e-04
2026-02-10 09:08:24,478 - training.engines.hybrid - INFO - Epoch 30/30, Loss: 1.0412 | Acc: 0.4590 | Grad: 9.80e-01 | Val Loss: 1.0514 | Val Acc: 0.4450 | LR: 5.00e-04
2026-02-10 09:08:26,559 - training.pipeline - INFO - Pipeline Execution Complete. Final Score: 0.4500
2026-02-10 09:08:26,560 - utils.logger - INFO - Experiment data saved to ./output/train_angle_autoencoder16_20260210_082230
2026-02-10 09:08:26,776 - utils.logger - INFO - Model saved to: ./output/train_angle_autoencoder16_20260210_082230/model/train_angle_autoencoder16_20260210_082230_trained_qcnn.pth
2026-02-10 09:08:26,777 - utils.notifications - WARNING - LINE Channel Access Token is missing. Notification not sent.
