2026-02-10 19:17:43,113 - __main__ - INFO - Initializing experiment with configuration:
task_name: train
model_type: standard
dataset_name: fashionmnist
data_path: ./data
n_train: 1000
n_test: 200
n_val: 200
digits:
- 4
- 6
target_dim: null
preprocessors: []
n_pop: 20
n_gen: 10
n_gates: 200
mutation_rate: 0.1
engine_type: hybrid
train_epochs: 30
train_lr: 0.001
gradient_method: spsa
device: null
use_v2_primitives: true
use_scheduler: true
scheduler_patience: 5
scheduler_factor: 0.5
strategy_type: hybrid
eval_epochs: 5
eval_lr: 0.01
eval_max_iter: 50
feature_map_type: angle
num_qubits: 16
verbose: true
seed: 42
save_dir: ./output
output_dir: ./output
resume_dir: null
notifications:
  enabled: true
  title: binary class experiment [4, 6]
binary_groups: null
n_qubits: 4
encoding_dim: 16

2026-02-10 19:17:43,118 - data.dataset.fashion_mnist_dataset - INFO - Loading FashionMNIST data from ./data
2026-02-10 19:17:43,352 - __main__ - INFO - Starting Task: Standard Training
2026-02-10 19:17:43,358 - __main__ - INFO - Using Hybrid End-to-End Strategy
2026-02-10 19:17:43,376 - models.hybrid.end_to_end - INFO - Classical Encoder Unfrozen (Trainable).
2026-02-10 19:17:43,377 - models.hybrid.end_to_end - WARNING - Encoding dim (16) != num_qubits (4). Adding a projection layer.
2026-02-10 19:17:43,402 - qiskit_machine_learning.neural_networks.estimator_qnn - WARNING - No gradient function provided, creating a gradient function. If your Estimator requires transpilation, please provide a pass manager.
2026-02-10 19:17:43,645 - qiskit.passmanager.base_tasks - INFO - Pass: TranslateParameterizedGates - 0.42868 (ms)
2026-02-10 19:22:25,395 - training.strategies.hybrid_end_to_end - INFO - Epoch 1/30 - Loss: 1.0199 - Train Acc: 0.4940 - Val Acc: 0.5000
2026-02-10 19:28:55,331 - training.strategies.hybrid_end_to_end - INFO - Epoch 2/30 - Loss: 1.0078 - Train Acc: 0.4880 - Val Acc: 0.4950
2026-02-10 19:36:06,195 - training.strategies.hybrid_end_to_end - INFO - Epoch 3/30 - Loss: 1.0029 - Train Acc: 0.4790 - Val Acc: 0.4750
2026-02-10 19:55:03,862 - training.strategies.hybrid_end_to_end - INFO - Epoch 4/30 - Loss: 1.0008 - Train Acc: 0.4960 - Val Acc: 0.5250
2026-02-10 20:01:17,273 - training.strategies.hybrid_end_to_end - INFO - Epoch 5/30 - Loss: 1.0008 - Train Acc: 0.5190 - Val Acc: 0.5350
2026-02-10 20:07:28,884 - training.strategies.hybrid_end_to_end - INFO - Epoch 6/30 - Loss: 0.9997 - Train Acc: 0.5260 - Val Acc: 0.5450
2026-02-10 20:12:21,511 - training.strategies.hybrid_end_to_end - INFO - Epoch 7/30 - Loss: 0.9997 - Train Acc: 0.5270 - Val Acc: 0.5150
2026-02-10 20:18:12,376 - training.strategies.hybrid_end_to_end - INFO - Epoch 8/30 - Loss: 0.9998 - Train Acc: 0.5290 - Val Acc: 0.5150
2026-02-10 20:27:42,509 - training.strategies.hybrid_end_to_end - INFO - Epoch 9/30 - Loss: 0.9990 - Train Acc: 0.5370 - Val Acc: 0.5250
2026-02-10 20:35:08,332 - training.strategies.hybrid_end_to_end - INFO - Epoch 10/30 - Loss: 0.9983 - Train Acc: 0.5480 - Val Acc: 0.5350
2026-02-10 20:42:02,236 - training.strategies.hybrid_end_to_end - INFO - Epoch 11/30 - Loss: 0.9983 - Train Acc: 0.5390 - Val Acc: 0.5400
2026-02-10 20:47:35,259 - training.strategies.hybrid_end_to_end - INFO - Epoch 12/30 - Loss: 0.9982 - Train Acc: 0.5360 - Val Acc: 0.5300
2026-02-10 20:52:43,505 - training.strategies.hybrid_end_to_end - INFO - Epoch 13/30 - Loss: 0.9977 - Train Acc: 0.5470 - Val Acc: 0.5400
2026-02-10 20:57:14,662 - training.strategies.hybrid_end_to_end - INFO - Epoch 14/30 - Loss: 0.9976 - Train Acc: 0.5420 - Val Acc: 0.5400
2026-02-10 21:01:40,976 - training.strategies.hybrid_end_to_end - INFO - Epoch 15/30 - Loss: 0.9973 - Train Acc: 0.5500 - Val Acc: 0.5400
2026-02-10 21:05:57,280 - training.strategies.hybrid_end_to_end - INFO - Epoch 16/30 - Loss: 0.9970 - Train Acc: 0.5540 - Val Acc: 0.5450
2026-02-10 21:10:18,628 - training.strategies.hybrid_end_to_end - INFO - Epoch 17/30 - Loss: 0.9968 - Train Acc: 0.5440 - Val Acc: 0.5300
2026-02-10 21:14:35,915 - training.strategies.hybrid_end_to_end - INFO - Epoch 18/30 - Loss: 0.9962 - Train Acc: 0.5600 - Val Acc: 0.5450
2026-02-10 21:18:50,074 - training.strategies.hybrid_end_to_end - INFO - Epoch 19/30 - Loss: 0.9962 - Train Acc: 0.5510 - Val Acc: 0.5450
2026-02-10 21:25:07,610 - training.strategies.hybrid_end_to_end - INFO - Epoch 20/30 - Loss: 0.9957 - Train Acc: 0.5610 - Val Acc: 0.5500
2026-02-10 21:32:48,438 - training.strategies.hybrid_end_to_end - INFO - Epoch 21/30 - Loss: 0.9956 - Train Acc: 0.5600 - Val Acc: 0.5350
2026-02-10 21:37:58,741 - training.strategies.hybrid_end_to_end - INFO - Epoch 22/30 - Loss: 0.9960 - Train Acc: 0.5570 - Val Acc: 0.5500
2026-02-10 21:42:25,470 - training.strategies.hybrid_end_to_end - INFO - Epoch 23/30 - Loss: 0.9952 - Train Acc: 0.5600 - Val Acc: 0.5400
2026-02-10 21:47:27,226 - training.strategies.hybrid_end_to_end - INFO - Epoch 24/30 - Loss: 0.9951 - Train Acc: 0.5360 - Val Acc: 0.5450
2026-02-10 21:53:23,675 - training.strategies.hybrid_end_to_end - INFO - Epoch 25/30 - Loss: 0.9950 - Train Acc: 0.5700 - Val Acc: 0.5500
2026-02-10 21:58:04,812 - training.strategies.hybrid_end_to_end - INFO - Epoch 26/30 - Loss: 0.9944 - Train Acc: 0.5620 - Val Acc: 0.5450
2026-02-10 22:02:26,033 - training.strategies.hybrid_end_to_end - INFO - Epoch 27/30 - Loss: 0.9951 - Train Acc: 0.5400 - Val Acc: 0.5450
2026-02-10 22:07:15,114 - training.strategies.hybrid_end_to_end - INFO - Epoch 28/30 - Loss: 0.9933 - Train Acc: 0.5780 - Val Acc: 0.5500
2026-02-10 22:12:27,778 - training.strategies.hybrid_end_to_end - INFO - Epoch 29/30 - Loss: 0.9933 - Train Acc: 0.5770 - Val Acc: 0.5300
2026-02-10 22:18:25,219 - training.strategies.hybrid_end_to_end - INFO - Epoch 30/30 - Loss: 0.9936 - Train Acc: 0.5490 - Val Acc: 0.5350
2026-02-10 22:18:27,361 - training.strategies.hybrid_end_to_end - INFO - Final Test Accuracy: 0.5700
2026-02-10 22:18:27,413 - utils.logger - INFO - Experiment data saved to ./output\train_angle_raw_20260210_191743
2026-02-10 22:18:27,414 - __main__ - ERROR - Job failed with error: 'list' object has no attribute 'get'
Traceback (most recent call last):
  File "D:\Pin\STUDY\PROJECT\senior project\QCNN_project\main.py", line 305, in main
        history=history_list,
        ^^^^^^^^^^^^^^^^^^^^^
    ...<5 lines>...
    plot_title = f"{cfg.model_type} - {prep_name} - {fm_name} - {dataset_info}"
    ^
  File "D:\Pin\STUDY\PROJECT\senior project\QCNN_project\src\utils\plotter.py", line 45, in plot_training_metrics
    epochs = range(1, len(history.get("loss", [])) + 1)
                          ^^^^^^^^^^^
AttributeError: 'list' object has no attribute 'get'
2026-02-10 22:18:27,426 - utils.notifications - INFO - Attempting LINE notification. Token length: 172, Preview: GYQhm...ilFU=
2026-02-10 22:18:28,622 - utils.notifications - INFO - LINE Messaging API notification sent successfully.
