2026-02-12 09:19:32,992 - __main__ - INFO - Initializing experiment with configuration:
task_name: train
model_type: standard
dataset_name: fashionmnist
data_path: ./data
n_train: 1000
n_test: 200
n_val: 200
digits:
- 4
- 6
target_dim: null
preprocessors: []
n_pop: 20
n_gen: 10
n_gates: 200
mutation_rate: 0.1
engine_type: hybrid
train_epochs: 30
train_lr: 0.001
gradient_method: spsa
device: null
use_v2_primitives: true
use_scheduler: true
scheduler_patience: 5
scheduler_factor: 0.5
strategy_type: hybrid
eval_epochs: 5
eval_lr: 0.01
eval_max_iter: 50
feature_map_type: angle
num_qubits: 16
verbose: true
seed: 42
save_dir: ./output
output_dir: ./output
resume_dir: null
notifications:
  enabled: true
  title: binary class experiment [4, 6]
binary_groups:
- - 4
- - 6
strategy: hybrid_end_to_end
n_qubits: 4
encoding_dim: 16

2026-02-12 09:19:32,995 - data.dataset.fashion_mnist_dataset - INFO - Loading FashionMNIST data from ./data
2026-02-12 09:19:33,051 - data.dataset.fashion_mnist_dataset - INFO - Using binary groups: [[4], [6]]
2026-02-12 09:19:33,098 - data.dataset.fashion_mnist_dataset - INFO - Loaded 12000 samples with binary groups.
2026-02-12 09:19:33,205 - __main__ - INFO - Starting Task: Standard Training
2026-02-12 09:19:33,213 - __main__ - INFO - Using Hybrid End-to-End Strategy
2026-02-12 09:19:33,222 - models.hybrid.end_to_end - INFO - Classical Encoder Unfrozen (Trainable).
2026-02-12 09:19:33,222 - models.hybrid.end_to_end - WARNING - Encoding dim (16) != num_qubits (4). Adding a projection layer.
2026-02-12 09:19:33,236 - qiskit_machine_learning.neural_networks.estimator_qnn - WARNING - No gradient function provided, creating a gradient function. If your Estimator requires transpilation, please provide a pass manager.
2026-02-12 09:19:33,462 - qiskit.passmanager.base_tasks - INFO - Pass: TranslateParameterizedGates - 0.36812 (ms)
2026-02-12 09:23:24,758 - training.strategies.hybrid_end_to_end - INFO - Epoch 1/30 - Loss: 0.9873 - Train Acc: 0.6050 - Val Acc: 0.6150
2026-02-12 09:28:14,275 - training.strategies.hybrid_end_to_end - INFO - Epoch 2/30 - Loss: 0.9862 - Train Acc: 0.6350 - Val Acc: 0.6500
2026-02-12 09:32:10,218 - training.strategies.hybrid_end_to_end - INFO - Epoch 3/30 - Loss: 0.9857 - Train Acc: 0.6220 - Val Acc: 0.6400
2026-02-12 09:36:47,126 - training.strategies.hybrid_end_to_end - INFO - Epoch 4/30 - Loss: 0.9851 - Train Acc: 0.6130 - Val Acc: 0.6550
2026-02-12 09:40:52,598 - training.strategies.hybrid_end_to_end - INFO - Epoch 5/30 - Loss: 0.9850 - Train Acc: 0.6300 - Val Acc: 0.6500
2026-02-12 09:44:06,097 - training.strategies.hybrid_end_to_end - INFO - Epoch 6/30 - Loss: 0.9840 - Train Acc: 0.6290 - Val Acc: 0.6450
2026-02-12 09:47:14,588 - training.strategies.hybrid_end_to_end - INFO - Epoch 7/30 - Loss: 0.9842 - Train Acc: 0.6280 - Val Acc: 0.6500
2026-02-12 09:50:25,578 - training.strategies.hybrid_end_to_end - INFO - Epoch 8/30 - Loss: 0.9834 - Train Acc: 0.6340 - Val Acc: 0.6600
2026-02-12 09:53:18,663 - training.strategies.hybrid_end_to_end - INFO - Epoch 9/30 - Loss: 0.9836 - Train Acc: 0.6240 - Val Acc: 0.6050
2026-02-12 09:56:09,717 - training.strategies.hybrid_end_to_end - INFO - Epoch 10/30 - Loss: 0.9828 - Train Acc: 0.6100 - Val Acc: 0.6450
2026-02-12 09:59:17,361 - training.strategies.hybrid_end_to_end - INFO - Epoch 11/30 - Loss: 0.9824 - Train Acc: 0.6090 - Val Acc: 0.6500
2026-02-12 10:02:25,973 - training.strategies.hybrid_end_to_end - INFO - Epoch 12/30 - Loss: 0.9820 - Train Acc: 0.6090 - Val Acc: 0.6400
2026-02-12 10:05:42,169 - training.strategies.hybrid_end_to_end - INFO - Epoch 13/30 - Loss: 0.9818 - Train Acc: 0.6420 - Val Acc: 0.6550
2026-02-12 10:08:24,915 - training.strategies.hybrid_end_to_end - INFO - Epoch 14/30 - Loss: 0.9807 - Train Acc: 0.6270 - Val Acc: 0.6450
2026-02-12 10:11:05,839 - training.strategies.hybrid_end_to_end - INFO - Epoch 15/30 - Loss: 0.9810 - Train Acc: 0.6510 - Val Acc: 0.6400
2026-02-12 10:13:48,507 - training.strategies.hybrid_end_to_end - INFO - Epoch 16/30 - Loss: 0.9805 - Train Acc: 0.6220 - Val Acc: 0.6550
2026-02-12 10:16:46,297 - training.strategies.hybrid_end_to_end - INFO - Epoch 17/30 - Loss: 0.9803 - Train Acc: 0.6290 - Val Acc: 0.6600
2026-02-12 10:19:30,923 - training.strategies.hybrid_end_to_end - INFO - Epoch 18/30 - Loss: 0.9805 - Train Acc: 0.6470 - Val Acc: 0.6300
2026-02-12 10:22:10,391 - training.strategies.hybrid_end_to_end - INFO - Epoch 19/30 - Loss: 0.9796 - Train Acc: 0.6470 - Val Acc: 0.6400
2026-02-12 10:24:50,791 - training.strategies.hybrid_end_to_end - INFO - Epoch 20/30 - Loss: 0.9798 - Train Acc: 0.6500 - Val Acc: 0.6300
2026-02-12 10:27:27,510 - training.strategies.hybrid_end_to_end - INFO - Epoch 21/30 - Loss: 0.9792 - Train Acc: 0.6330 - Val Acc: 0.6400
2026-02-12 10:30:03,365 - training.strategies.hybrid_end_to_end - INFO - Epoch 22/30 - Loss: 0.9790 - Train Acc: 0.6150 - Val Acc: 0.6350
2026-02-12 10:32:39,218 - training.strategies.hybrid_end_to_end - INFO - Epoch 23/30 - Loss: 0.9785 - Train Acc: 0.6300 - Val Acc: 0.6350
2026-02-12 10:35:19,462 - training.strategies.hybrid_end_to_end - INFO - Epoch 24/30 - Loss: 0.9790 - Train Acc: 0.6450 - Val Acc: 0.6450
2026-02-12 10:37:57,629 - training.strategies.hybrid_end_to_end - INFO - Epoch 25/30 - Loss: 0.9787 - Train Acc: 0.6320 - Val Acc: 0.6500
2026-02-12 10:41:12,559 - training.strategies.hybrid_end_to_end - INFO - Epoch 26/30 - Loss: 0.9784 - Train Acc: 0.6370 - Val Acc: 0.6300
2026-02-12 10:44:17,368 - training.strategies.hybrid_end_to_end - INFO - Epoch 27/30 - Loss: 0.9773 - Train Acc: 0.6350 - Val Acc: 0.6450
2026-02-12 10:47:28,446 - training.strategies.hybrid_end_to_end - INFO - Epoch 28/30 - Loss: 0.9771 - Train Acc: 0.6460 - Val Acc: 0.6500
2026-02-12 10:50:40,376 - training.strategies.hybrid_end_to_end - INFO - Epoch 29/30 - Loss: 0.9767 - Train Acc: 0.6550 - Val Acc: 0.6300
2026-02-12 10:53:39,950 - training.strategies.hybrid_end_to_end - INFO - Epoch 30/30 - Loss: 0.9768 - Train Acc: 0.6270 - Val Acc: 0.6500
2026-02-12 10:53:40,716 - training.strategies.hybrid_end_to_end - INFO - Final Test Accuracy: 0.5750
2026-02-12 10:53:40,716 - training.strategies.hybrid_end_to_end - INFO - Generating Latent Space Visualization...
2026-02-12 10:53:41,781 - training.strategies.hybrid_end_to_end - INFO - Latent visualization saved to ./output\plots\latent_vis_20260212_105340.png
2026-02-12 10:53:41,792 - utils.logger - INFO - Experiment data saved to ./output\train_angle_raw_20260212_091932
2026-02-12 10:53:42,070 - __main__ - ERROR - Job failed with error: cannot access local variable 'trained_model' where it is not associated with a value
Traceback (most recent call last):
  File "D:\Pin\STUDY\PROJECT\senior project\QCNN_project\main.py", line 320, in main
    title=plot_title,
           ^^^^^^^^^^
UnboundLocalError: cannot access local variable 'trained_model' where it is not associated with a value
2026-02-12 10:53:42,073 - utils.notifications - INFO - Attempting LINE notification. Token length: 172, Preview: wtCCm...ilFU=
2026-02-12 10:53:42,788 - utils.notifications - INFO - LINE Messaging API notification sent successfully.
