2026-02-10 13:09:07,662 - __main__ - INFO - Initializing experiment with configuration:
task_name: train
model_type: standard
dataset_name: fashionmnist
data_path: ./data
n_train: 1000
n_test: 200
n_val: 200
digits:
- 0
- 2
- 4
- 6
target_dim: null
preprocessors: []
n_pop: 20
n_gen: 10
n_gates: 200
mutation_rate: 0.1
engine_type: hybrid
train_epochs: 30
train_lr: 0.001
gradient_method: spsa
device: null
use_v2_primitives: true
use_scheduler: true
scheduler_patience: 5
scheduler_factor: 0.5
strategy_type: hybrid
eval_epochs: 5
eval_lr: 0.01
eval_max_iter: 50
feature_map_type: angle
num_qubits: 16
verbose: true
seed: 42
save_dir: ./output
output_dir: ./output
resume_dir: null
notifications:
  enabled: true
  title: binary class experiment [0, 2, 4, 6]
binary_groups:
- - 2
- - 0
  - 4
  - 6
n_qubits: 4
encoding_dim: 16

2026-02-10 13:09:07,663 - data.dataset.fashion_mnist_dataset - INFO - Loading FashionMNIST data from ./data
2026-02-10 13:09:07,751 - data.dataset.fashion_mnist_dataset - INFO - Using binary groups: [[2], [0, 4, 6]]
2026-02-10 13:09:07,785 - data.dataset.fashion_mnist_dataset - INFO - Subsampled group 1 from 18000 to 6000 to match group 0
2026-02-10 13:09:07,829 - data.dataset.fashion_mnist_dataset - INFO - Loaded 12000 samples with binary groups.
2026-02-10 13:09:07,894 - __main__ - INFO - Starting Task: Standard Training
2026-02-10 13:09:07,899 - __main__ - INFO - Using Hybrid End-to-End Strategy
2026-02-10 13:09:07,913 - models.hybrid.end_to_end - INFO - Classical Encoder Unfrozen (Trainable).
2026-02-10 13:09:07,913 - models.hybrid.end_to_end - WARNING - Encoding dim (16) != num_qubits (4). Adding a projection layer.
2026-02-10 13:09:07,925 - qiskit_machine_learning.neural_networks.estimator_qnn - WARNING - No gradient function provided, creating a gradient function. If your Estimator requires transpilation, please provide a pass manager.
2026-02-10 13:09:08,136 - qiskit.passmanager.base_tasks - INFO - Pass: TranslateParameterizedGates - 0.16856 (ms)
2026-02-10 13:10:35,213 - training.strategies.hybrid_end_to_end - INFO - Epoch 1/30 - Loss: 1.0021 - Train Acc: 0.4930 - Val Acc: 0.5000
2026-02-10 13:12:01,981 - training.strategies.hybrid_end_to_end - INFO - Epoch 2/30 - Loss: 1.0015 - Train Acc: 0.4840 - Val Acc: 0.4900
2026-02-10 13:13:28,978 - training.strategies.hybrid_end_to_end - INFO - Epoch 3/30 - Loss: 1.0010 - Train Acc: 0.4840 - Val Acc: 0.4650
2026-02-10 13:14:55,943 - training.strategies.hybrid_end_to_end - INFO - Epoch 4/30 - Loss: 1.0005 - Train Acc: 0.4840 - Val Acc: 0.4900
2026-02-10 13:16:22,911 - training.strategies.hybrid_end_to_end - INFO - Epoch 5/30 - Loss: 1.0002 - Train Acc: 0.5050 - Val Acc: 0.4950
2026-02-10 13:17:49,741 - training.strategies.hybrid_end_to_end - INFO - Epoch 6/30 - Loss: 1.0004 - Train Acc: 0.4970 - Val Acc: 0.5050
2026-02-10 13:19:16,715 - training.strategies.hybrid_end_to_end - INFO - Epoch 7/30 - Loss: 1.0001 - Train Acc: 0.5070 - Val Acc: 0.5100
2026-02-10 13:20:44,319 - training.strategies.hybrid_end_to_end - INFO - Epoch 8/30 - Loss: 0.9994 - Train Acc: 0.5110 - Val Acc: 0.4900
2026-02-10 13:22:22,732 - training.strategies.hybrid_end_to_end - INFO - Epoch 9/30 - Loss: 0.9994 - Train Acc: 0.5140 - Val Acc: 0.5000
2026-02-10 13:24:31,005 - training.strategies.hybrid_end_to_end - INFO - Epoch 10/30 - Loss: 0.9992 - Train Acc: 0.5180 - Val Acc: 0.5000
2026-02-10 13:26:35,380 - training.strategies.hybrid_end_to_end - INFO - Epoch 11/30 - Loss: 0.9989 - Train Acc: 0.5200 - Val Acc: 0.5050
2026-02-10 13:28:52,202 - training.strategies.hybrid_end_to_end - INFO - Epoch 12/30 - Loss: 0.9987 - Train Acc: 0.5290 - Val Acc: 0.5350
2026-02-10 13:30:51,814 - training.strategies.hybrid_end_to_end - INFO - Epoch 13/30 - Loss: 0.9985 - Train Acc: 0.5250 - Val Acc: 0.5200
2026-02-10 13:32:52,725 - training.strategies.hybrid_end_to_end - INFO - Epoch 14/30 - Loss: 0.9984 - Train Acc: 0.5510 - Val Acc: 0.5400
2026-02-10 13:35:06,169 - training.strategies.hybrid_end_to_end - INFO - Epoch 15/30 - Loss: 0.9982 - Train Acc: 0.5390 - Val Acc: 0.5500
2026-02-10 13:37:15,531 - training.strategies.hybrid_end_to_end - INFO - Epoch 16/30 - Loss: 0.9980 - Train Acc: 0.5420 - Val Acc: 0.5400
2026-02-10 13:39:20,953 - training.strategies.hybrid_end_to_end - INFO - Epoch 17/30 - Loss: 0.9976 - Train Acc: 0.5380 - Val Acc: 0.5550
2026-02-10 13:41:36,567 - training.strategies.hybrid_end_to_end - INFO - Epoch 18/30 - Loss: 0.9975 - Train Acc: 0.5330 - Val Acc: 0.5400
2026-02-10 13:44:00,925 - training.strategies.hybrid_end_to_end - INFO - Epoch 19/30 - Loss: 0.9971 - Train Acc: 0.5480 - Val Acc: 0.5600
2026-02-10 13:46:35,270 - training.strategies.hybrid_end_to_end - INFO - Epoch 20/30 - Loss: 0.9971 - Train Acc: 0.5420 - Val Acc: 0.5500
2026-02-10 13:49:16,619 - training.strategies.hybrid_end_to_end - INFO - Epoch 21/30 - Loss: 0.9963 - Train Acc: 0.5490 - Val Acc: 0.5700
2026-02-10 13:51:54,319 - training.strategies.hybrid_end_to_end - INFO - Epoch 22/30 - Loss: 0.9962 - Train Acc: 0.5500 - Val Acc: 0.5550
2026-02-10 13:53:54,450 - training.strategies.hybrid_end_to_end - INFO - Epoch 23/30 - Loss: 0.9959 - Train Acc: 0.5610 - Val Acc: 0.5550
2026-02-10 13:56:07,108 - training.strategies.hybrid_end_to_end - INFO - Epoch 24/30 - Loss: 0.9959 - Train Acc: 0.5580 - Val Acc: 0.5600
2026-02-10 13:58:10,986 - training.strategies.hybrid_end_to_end - INFO - Epoch 25/30 - Loss: 0.9953 - Train Acc: 0.5650 - Val Acc: 0.5550
2026-02-10 14:00:18,346 - training.strategies.hybrid_end_to_end - INFO - Epoch 26/30 - Loss: 0.9948 - Train Acc: 0.5740 - Val Acc: 0.5600
2026-02-10 14:02:24,887 - training.strategies.hybrid_end_to_end - INFO - Epoch 27/30 - Loss: 0.9947 - Train Acc: 0.5650 - Val Acc: 0.5750
2026-02-10 14:04:26,992 - training.strategies.hybrid_end_to_end - INFO - Epoch 28/30 - Loss: 0.9947 - Train Acc: 0.5560 - Val Acc: 0.5750
2026-02-10 14:06:35,379 - training.strategies.hybrid_end_to_end - INFO - Epoch 29/30 - Loss: 0.9944 - Train Acc: 0.5730 - Val Acc: 0.5800
2026-02-10 14:08:41,630 - training.strategies.hybrid_end_to_end - INFO - Epoch 30/30 - Loss: 0.9937 - Train Acc: 0.5750 - Val Acc: 0.5750
2026-02-10 14:08:42,007 - training.strategies.hybrid_end_to_end - INFO - Final Test Accuracy: 0.5400
2026-02-10 14:08:42,022 - utils.logger - INFO - Experiment data saved to ./output/train_angle_raw_20260210_130907
2026-02-10 14:08:42,023 - __main__ - ERROR - Job failed with error: 'list' object has no attribute 'get'
Traceback (most recent call last):
  File "/teamspace/studios/this_studio/QCNN_project/main.py", line 305, in main
    plot_training_metrics(
    ~~~~~~~~~~~~~~~~~~~~~^
        history=history_list,
        ^^^^^^^^^^^^^^^^^^^^^
    ...<3 lines>...
        title=plot_title,
        ^^^^^^^^^^^^^^^^^
    )
    ^
  File "/teamspace/studios/this_studio/QCNN_project/src/utils/plotter.py", line 45, in plot_training_metrics
    epochs = range(1, len(history.get("loss", [])) + 1)
                          ^^^^^^^^^^^
AttributeError: 'list' object has no attribute 'get'
2026-02-10 14:08:42,026 - utils.notifications - WARNING - LINE Channel Access Token is missing. Notification not sent.
