2026-02-10 08:12:35,945 - __main__ - INFO - Initializing experiment with configuration:
task_name: train
model_type: standard
dataset_name: fashionmnist
data_path: ./data
n_train: 1000
n_test: 200
n_val: 200
digits:
- 0
- 2
- 4
- 6
target_dim: 16
preprocessors:
- autoencoder_16
n_pop: 20
n_gen: 10
n_gates: 200
mutation_rate: 0.1
engine_type: hybrid
train_epochs: 30
train_lr: 0.001
gradient_method: spsa
device: null
use_v2_primitives: true
use_scheduler: true
scheduler_patience: 5
scheduler_factor: 0.5
strategy_type: hybrid
eval_epochs: 5
eval_lr: 0.01
eval_max_iter: 50
feature_map_type: angle
num_qubits: 16
verbose: true
seed: 42
save_dir: ./output
output_dir: ./output
resume_dir: null
notifications:
  enabled: true
  title: binary class experiment [0, 2, 4, 6]
binary_groups:
- - 4
- - 0
  - 2
  - 6

2026-02-10 08:12:35,946 - data.dataset.fashion_mnist_dataset - INFO - Loading FashionMNIST data from ./data
2026-02-10 08:12:36,013 - data.dataset.fashion_mnist_dataset - INFO - Using binary groups: [[4], [0, 2, 6]]
2026-02-10 08:12:36,015 - data.dataset.fashion_mnist_dataset - INFO - Subsampled group 1 from 18000 to 6000 to match group 0
2026-02-10 08:12:36,057 - data.dataset.fashion_mnist_dataset - INFO - Loaded 12000 samples with binary groups.
2026-02-10 08:12:36,065 - data.preprocessor.autoencoder - INFO - Loading pre-trained Autoencoder from: /teamspace/studios/this_studio/QCNN_project/src/data/preprocessor/autoencoders/conv_ae_fashionmnist_16.pth
2026-02-10 08:12:37,710 - __main__ - INFO - Starting Task: Standard Training
2026-02-10 08:12:37,711 - training.engines.hybrid - INFO - HybridEngine using device: cpu
2026-02-10 08:12:37,712 - training.engines.hybrid - INFO - HybridEngine: Using gradient method: spsa
2026-02-10 08:12:37,712 - training.pipeline - INFO - Executing Production Pipeline for model: StandardQCNN
2026-02-10 08:12:37,719 - training.pipeline - INFO - Circuit built. Num Qubits: 16, Num Params: 123
2026-02-10 08:12:37,720 - training.engines.hybrid - INFO - HybridEngine: Optimizing 123 parameters.
2026-02-10 08:12:37,724 - training.engines.hybrid - INFO - HybridEngine: Initialized weights with uniform distribution [-0.5, 0.5]
2026-02-10 08:12:37,726 - training.engines.hybrid - INFO - HybridEngine: No checkpoint found at ./output/train_angle_autoencoder16_20260210_081235/checkpoints/train_angle_autoencoder16_20260210_081235_checkpoint.pth.tar. Starting fresh.
2026-02-10 08:14:04,717 - training.engines.hybrid - INFO - Epoch 1/30, Loss: 0.9996 | Acc: 0.5410 | Grad: 9.61e-01 | Val Loss: 0.9829 | Val Acc: 0.5850 | LR: 1.00e-03
2026-02-10 08:15:31,804 - training.engines.hybrid - INFO - Epoch 2/30, Loss: 0.9999 | Acc: 0.5440 | Grad: 8.91e-01 | Val Loss: 0.9810 | Val Acc: 0.6150 | LR: 1.00e-03
2026-02-10 08:16:57,833 - training.engines.hybrid - INFO - Epoch 3/30, Loss: 0.9989 | Acc: 0.5370 | Grad: 8.96e-01 | Val Loss: 0.9814 | Val Acc: 0.5900 | LR: 1.00e-03
2026-02-10 08:18:23,834 - training.engines.hybrid - INFO - Epoch 4/30, Loss: 0.9961 | Acc: 0.5500 | Grad: 8.26e-01 | Val Loss: 0.9811 | Val Acc: 0.6050 | LR: 1.00e-03
2026-02-10 08:19:50,353 - training.engines.hybrid - INFO - Epoch 5/30, Loss: 0.9975 | Acc: 0.5460 | Grad: 7.96e-01 | Val Loss: 0.9805 | Val Acc: 0.6050 | LR: 1.00e-03
2026-02-10 08:21:17,883 - training.engines.hybrid - INFO - Epoch 6/30, Loss: 0.9978 | Acc: 0.5410 | Grad: 7.44e-01 | Val Loss: 0.9819 | Val Acc: 0.6000 | LR: 1.00e-03
2026-02-10 08:22:53,414 - training.engines.hybrid - INFO - Epoch 7/30, Loss: 0.9949 | Acc: 0.5430 | Grad: 8.24e-01 | Val Loss: 0.9828 | Val Acc: 0.6000 | LR: 1.00e-03
2026-02-10 08:24:49,036 - training.engines.hybrid - INFO - Epoch 8/30, Loss: 0.9951 | Acc: 0.5460 | Grad: 9.22e-01 | Val Loss: 0.9769 | Val Acc: 0.6200 | LR: 1.00e-03
2026-02-10 08:26:38,116 - training.engines.hybrid - INFO - Epoch 9/30, Loss: 0.9959 | Acc: 0.5460 | Grad: 8.23e-01 | Val Loss: 0.9770 | Val Acc: 0.6100 | LR: 1.00e-03
2026-02-10 08:28:29,403 - training.engines.hybrid - INFO - Epoch 10/30, Loss: 0.9954 | Acc: 0.5460 | Grad: 7.52e-01 | Val Loss: 0.9819 | Val Acc: 0.5850 | LR: 1.00e-03
2026-02-10 08:30:20,896 - training.engines.hybrid - INFO - Epoch 11/30, Loss: 0.9948 | Acc: 0.5470 | Grad: 8.79e-01 | Val Loss: 0.9798 | Val Acc: 0.5700 | LR: 1.00e-03
2026-02-10 08:32:09,758 - training.engines.hybrid - INFO - Epoch 12/30, Loss: 0.9949 | Acc: 0.5500 | Grad: 8.57e-01 | Val Loss: 0.9781 | Val Acc: 0.5950 | LR: 1.00e-03
2026-02-10 08:34:00,593 - training.engines.hybrid - INFO - Epoch 13/30, Loss: 0.9936 | Acc: 0.5470 | Grad: 7.95e-01 | Val Loss: 0.9810 | Val Acc: 0.5850 | LR: 1.00e-03
2026-02-10 08:35:59,333 - training.engines.hybrid - INFO - Epoch 14/30, Loss: 0.9946 | Acc: 0.5350 | Grad: 8.66e-01 | Val Loss: 0.9802 | Val Acc: 0.6100 | LR: 5.00e-04
2026-02-10 08:38:18,450 - training.engines.hybrid - INFO - Epoch 15/30, Loss: 0.9946 | Acc: 0.5410 | Grad: 8.22e-01 | Val Loss: 0.9731 | Val Acc: 0.5900 | LR: 5.00e-04
2026-02-10 08:40:38,619 - training.engines.hybrid - INFO - Epoch 16/30, Loss: 0.9932 | Acc: 0.5460 | Grad: 8.84e-01 | Val Loss: 0.9786 | Val Acc: 0.5700 | LR: 5.00e-04
2026-02-10 08:42:57,137 - training.engines.hybrid - INFO - Epoch 17/30, Loss: 0.9922 | Acc: 0.5420 | Grad: 8.62e-01 | Val Loss: 0.9766 | Val Acc: 0.6050 | LR: 5.00e-04
2026-02-10 08:44:58,281 - training.engines.hybrid - INFO - Epoch 18/30, Loss: 0.9901 | Acc: 0.5500 | Grad: 8.77e-01 | Val Loss: 0.9759 | Val Acc: 0.5800 | LR: 5.00e-04
2026-02-10 08:46:33,315 - training.engines.hybrid - INFO - Epoch 19/30, Loss: 0.9924 | Acc: 0.5470 | Grad: 7.87e-01 | Val Loss: 0.9760 | Val Acc: 0.5950 | LR: 5.00e-04
2026-02-10 08:47:57,695 - training.engines.hybrid - INFO - Epoch 20/30, Loss: 0.9918 | Acc: 0.5480 | Grad: 9.19e-01 | Val Loss: 0.9779 | Val Acc: 0.5850 | LR: 5.00e-04
2026-02-10 08:49:22,408 - training.engines.hybrid - INFO - Epoch 21/30, Loss: 0.9897 | Acc: 0.5590 | Grad: 7.68e-01 | Val Loss: 0.9789 | Val Acc: 0.5700 | LR: 2.50e-04
2026-02-10 08:50:46,855 - training.engines.hybrid - INFO - Epoch 22/30, Loss: 0.9893 | Acc: 0.5510 | Grad: 8.04e-01 | Val Loss: 0.9807 | Val Acc: 0.5750 | LR: 2.50e-04
2026-02-10 08:52:12,197 - training.engines.hybrid - INFO - Epoch 23/30, Loss: 0.9899 | Acc: 0.5490 | Grad: 7.98e-01 | Val Loss: 0.9762 | Val Acc: 0.5700 | LR: 2.50e-04
2026-02-10 08:53:37,662 - training.engines.hybrid - INFO - Epoch 24/30, Loss: 0.9918 | Acc: 0.5500 | Grad: 7.95e-01 | Val Loss: 0.9794 | Val Acc: 0.5850 | LR: 2.50e-04
2026-02-10 08:55:03,607 - training.engines.hybrid - INFO - Epoch 25/30, Loss: 0.9918 | Acc: 0.5500 | Grad: 9.37e-01 | Val Loss: 0.9728 | Val Acc: 0.6100 | LR: 2.50e-04
2026-02-10 08:56:29,451 - training.engines.hybrid - INFO - Epoch 26/30, Loss: 0.9926 | Acc: 0.5480 | Grad: 8.29e-01 | Val Loss: 0.9734 | Val Acc: 0.5950 | LR: 2.50e-04
2026-02-10 08:57:55,652 - training.engines.hybrid - INFO - Epoch 27/30, Loss: 0.9915 | Acc: 0.5450 | Grad: 7.65e-01 | Val Loss: 0.9768 | Val Acc: 0.5800 | LR: 2.50e-04
2026-02-10 08:59:22,510 - training.engines.hybrid - INFO - Epoch 28/30, Loss: 0.9907 | Acc: 0.5500 | Grad: 8.30e-01 | Val Loss: 0.9742 | Val Acc: 0.5900 | LR: 2.50e-04
2026-02-10 09:00:49,490 - training.engines.hybrid - INFO - Epoch 29/30, Loss: 0.9911 | Acc: 0.5380 | Grad: 9.23e-01 | Val Loss: 0.9763 | Val Acc: 0.5900 | LR: 2.50e-04
2026-02-10 09:02:16,147 - training.engines.hybrid - INFO - Epoch 30/30, Loss: 0.9899 | Acc: 0.5470 | Grad: 8.18e-01 | Val Loss: 0.9761 | Val Acc: 0.5850 | LR: 2.50e-04
2026-02-10 09:02:19,734 - training.pipeline - INFO - Pipeline Execution Complete. Final Score: 0.5400
2026-02-10 09:02:19,736 - utils.logger - INFO - Experiment data saved to ./output/train_angle_autoencoder16_20260210_081235
2026-02-10 09:02:20,009 - utils.logger - INFO - Model saved to: ./output/train_angle_autoencoder16_20260210_081235/model/train_angle_autoencoder16_20260210_081235_trained_qcnn.pth
2026-02-10 09:02:20,009 - utils.notifications - WARNING - LINE Channel Access Token is missing. Notification not sent.
