2026-02-05 00:25:58,907 - __main__ - INFO - Initializing experiment with configuration:
task_name: auto_evolution
model_type: evolutionary_qcnn
dataset_name: fashionmnist
data_path: ./data
n_train: 200
n_test: 50
n_val: 50
digits:
- 0
- 2
target_dim: 16
preprocessors:
- autoencoder_16
n_pop: 10
n_gen: 20
n_gates: 200
mutation_rate: 0.1
engine_type: hybrid
train_epochs: 100
train_lr: 0.05
gradient_method: spsa
device: null
use_v2_primitives: true
use_scheduler: true
scheduler_patience: 3
scheduler_factor: 0.5
strategy_type: hybrid
eval_epochs: 5
eval_lr: 0.01
eval_max_iter: 50
feature_map_type: angle
num_qubits: 16
verbose: true
seed: 42
save_dir: ./output
output_dir: null
notifications:
  enabled: false
  title: QCNN Training

2026-02-05 00:25:58,908 - data.dataset.fashion_mnist_dataset - INFO - Loading FashionMNIST data from ./data
2026-02-05 00:25:59,170 - data.preprocessor.autoencoder - INFO - Loading pre-trained Autoencoder from: /teamspace/studios/this_studio/QCNN_project/src/data/preprocessor/autoencoders/conv_ae_fashionmnist_16.pth
2026-02-05 00:26:00,564 - __main__ - INFO - Starting Task: Auto-Evolution (Search + Retrain)
2026-02-05 00:26:00,564 - training.engines.hybrid - INFO - HybridEngine using device: cpu
2026-02-05 00:26:00,566 - training.engines.hybrid - INFO - HybridEngine: Using gradient method: spsa
2026-02-05 00:26:00,570 - training.engines.hybrid - INFO - HybridEngine using device: cpu
2026-02-05 00:26:00,570 - training.engines.hybrid - INFO - HybridEngine: Using gradient method: spsa
2026-02-05 00:26:00,570 - training.auto_evolution - INFO - Starting Auto-Evolution Workflow...
2026-02-05 00:26:00,570 - training.auto_evolution - INFO - PHASE 1: Starting Evolutionary Architecture Search...
2026-02-05 00:26:00,570 - data.dataset.fashion_mnist_dataset - INFO - Loading FashionMNIST data from ./data
2026-02-05 00:26:01,790 - training.evolution - INFO - Starting 20 generations of evolution (Pop size: 10)
2026-02-05 00:26:01,790 - training.evolution - INFO - --- Generation 1/20 ---
2026-02-05 00:26:01,790 - training.evolution - INFO -   Evaluating candidate 1/10...
2026-02-05 00:26:01,798 - training.engines.hybrid - INFO - HybridEngine: Optimizing 135 parameters.
2026-02-05 00:26:01,803 - training.engines.hybrid - INFO - HybridEngine: Initialized weights with uniform distribution [-0.5, 0.5]
