2026-02-10 14:34:48,900 - __main__ - INFO - Initializing experiment with configuration:
task_name: train
model_type: standard
dataset_name: fashionmnist
data_path: ./data
n_train: 1000
n_test: 200
n_val: 200
digits:
- 0
- 2
- 4
- 6
target_dim: null
preprocessors: []
n_pop: 20
n_gen: 10
n_gates: 200
mutation_rate: 0.1
engine_type: hybrid
train_epochs: 30
train_lr: 0.001
gradient_method: spsa
device: null
use_v2_primitives: true
use_scheduler: true
scheduler_patience: 5
scheduler_factor: 0.5
strategy_type: hybrid
eval_epochs: 5
eval_lr: 0.01
eval_max_iter: 50
feature_map_type: angle
num_qubits: 16
verbose: true
seed: 42
save_dir: ./output
output_dir: ./output
resume_dir: null
notifications:
  enabled: true
  title: binary class experiment [0, 2, 4, 6]
binary_groups:
- - 6
- - 0
  - 2
  - 4
n_qubits: 4
encoding_dim: 16

2026-02-10 14:34:48,901 - data.dataset.fashion_mnist_dataset - INFO - Loading FashionMNIST data from ./data
2026-02-10 14:34:48,958 - data.dataset.fashion_mnist_dataset - INFO - Using binary groups: [[6], [0, 2, 4]]
2026-02-10 14:34:48,960 - data.dataset.fashion_mnist_dataset - INFO - Subsampled group 1 from 18000 to 6000 to match group 0
2026-02-10 14:34:49,000 - data.dataset.fashion_mnist_dataset - INFO - Loaded 12000 samples with binary groups.
2026-02-10 14:34:49,077 - __main__ - INFO - Starting Task: Standard Training
2026-02-10 14:34:49,078 - __main__ - INFO - Using Hybrid End-to-End Strategy
2026-02-10 14:34:49,085 - models.hybrid.end_to_end - INFO - Classical Encoder Unfrozen (Trainable).
2026-02-10 14:34:49,085 - models.hybrid.end_to_end - WARNING - Encoding dim (16) != num_qubits (4). Adding a projection layer.
2026-02-10 14:34:49,092 - qiskit_machine_learning.neural_networks.estimator_qnn - WARNING - No gradient function provided, creating a gradient function. If your Estimator requires transpilation, please provide a pass manager.
2026-02-10 14:34:49,161 - qiskit.passmanager.base_tasks - INFO - Pass: TranslateParameterizedGates - 0.16832 (ms)
2026-02-10 14:36:16,922 - training.strategies.hybrid_end_to_end - INFO - Epoch 1/30 - Loss: 1.3609 - Train Acc: 0.5060 - Val Acc: 0.5000
2026-02-10 14:37:44,991 - training.strategies.hybrid_end_to_end - INFO - Epoch 2/30 - Loss: 1.2540 - Train Acc: 0.5060 - Val Acc: 0.5000
2026-02-10 14:39:12,799 - training.strategies.hybrid_end_to_end - INFO - Epoch 3/30 - Loss: 1.1579 - Train Acc: 0.5060 - Val Acc: 0.5000
2026-02-10 14:40:41,403 - training.strategies.hybrid_end_to_end - INFO - Epoch 4/30 - Loss: 1.0881 - Train Acc: 0.5060 - Val Acc: 0.5000
2026-02-10 14:42:09,359 - training.strategies.hybrid_end_to_end - INFO - Epoch 5/30 - Loss: 1.0469 - Train Acc: 0.5060 - Val Acc: 0.5000
2026-02-10 14:43:36,761 - training.strategies.hybrid_end_to_end - INFO - Epoch 6/30 - Loss: 1.0235 - Train Acc: 0.5060 - Val Acc: 0.5000
2026-02-10 14:45:03,937 - training.strategies.hybrid_end_to_end - INFO - Epoch 7/30 - Loss: 1.0116 - Train Acc: 0.5060 - Val Acc: 0.5000
2026-02-10 14:46:31,443 - training.strategies.hybrid_end_to_end - INFO - Epoch 8/30 - Loss: 1.0041 - Train Acc: 0.5070 - Val Acc: 0.5050
2026-02-10 14:47:59,424 - training.strategies.hybrid_end_to_end - INFO - Epoch 9/30 - Loss: 1.0015 - Train Acc: 0.5130 - Val Acc: 0.5100
2026-02-10 14:49:26,743 - training.strategies.hybrid_end_to_end - INFO - Epoch 10/30 - Loss: 1.0001 - Train Acc: 0.5140 - Val Acc: 0.5250
2026-02-10 14:50:54,431 - training.strategies.hybrid_end_to_end - INFO - Epoch 11/30 - Loss: 0.9997 - Train Acc: 0.5250 - Val Acc: 0.5150
2026-02-10 14:52:23,082 - training.strategies.hybrid_end_to_end - INFO - Epoch 12/30 - Loss: 0.9993 - Train Acc: 0.5350 - Val Acc: 0.5200
2026-02-10 14:53:52,799 - training.strategies.hybrid_end_to_end - INFO - Epoch 13/30 - Loss: 0.9993 - Train Acc: 0.5220 - Val Acc: 0.5200
2026-02-10 14:55:20,605 - training.strategies.hybrid_end_to_end - INFO - Epoch 14/30 - Loss: 0.9995 - Train Acc: 0.5130 - Val Acc: 0.5050
2026-02-10 14:56:49,639 - training.strategies.hybrid_end_to_end - INFO - Epoch 15/30 - Loss: 0.9994 - Train Acc: 0.5280 - Val Acc: 0.5200
2026-02-10 14:58:19,918 - training.strategies.hybrid_end_to_end - INFO - Epoch 16/30 - Loss: 0.9993 - Train Acc: 0.5400 - Val Acc: 0.5200
2026-02-10 14:59:49,443 - training.strategies.hybrid_end_to_end - INFO - Epoch 17/30 - Loss: 0.9994 - Train Acc: 0.5180 - Val Acc: 0.5000
2026-02-10 15:01:18,127 - training.strategies.hybrid_end_to_end - INFO - Epoch 18/30 - Loss: 0.9991 - Train Acc: 0.5310 - Val Acc: 0.5050
2026-02-10 15:02:46,374 - training.strategies.hybrid_end_to_end - INFO - Epoch 19/30 - Loss: 0.9993 - Train Acc: 0.5070 - Val Acc: 0.5300
2026-02-10 15:04:13,839 - training.strategies.hybrid_end_to_end - INFO - Epoch 20/30 - Loss: 0.9993 - Train Acc: 0.5130 - Val Acc: 0.5050
2026-02-10 15:05:42,559 - training.strategies.hybrid_end_to_end - INFO - Epoch 21/30 - Loss: 0.9992 - Train Acc: 0.4980 - Val Acc: 0.5350
2026-02-10 15:07:11,247 - training.strategies.hybrid_end_to_end - INFO - Epoch 22/30 - Loss: 0.9990 - Train Acc: 0.5100 - Val Acc: 0.5100
2026-02-10 15:08:39,662 - training.strategies.hybrid_end_to_end - INFO - Epoch 23/30 - Loss: 0.9994 - Train Acc: 0.5120 - Val Acc: 0.5050
2026-02-10 15:10:08,885 - training.strategies.hybrid_end_to_end - INFO - Epoch 24/30 - Loss: 0.9989 - Train Acc: 0.5130 - Val Acc: 0.5400
2026-02-10 15:11:36,513 - training.strategies.hybrid_end_to_end - INFO - Epoch 25/30 - Loss: 0.9990 - Train Acc: 0.5120 - Val Acc: 0.5100
2026-02-10 15:13:03,652 - training.strategies.hybrid_end_to_end - INFO - Epoch 26/30 - Loss: 0.9985 - Train Acc: 0.5310 - Val Acc: 0.5100
2026-02-10 15:14:28,505 - training.strategies.hybrid_end_to_end - INFO - Epoch 27/30 - Loss: 0.9990 - Train Acc: 0.5300 - Val Acc: 0.5200
2026-02-10 15:15:53,753 - training.strategies.hybrid_end_to_end - INFO - Epoch 28/30 - Loss: 0.9989 - Train Acc: 0.5280 - Val Acc: 0.5100
2026-02-10 15:17:18,955 - training.strategies.hybrid_end_to_end - INFO - Epoch 29/30 - Loss: 0.9985 - Train Acc: 0.5150 - Val Acc: 0.5150
2026-02-10 15:18:44,214 - training.strategies.hybrid_end_to_end - INFO - Epoch 30/30 - Loss: 0.9985 - Train Acc: 0.5000 - Val Acc: 0.5400
2026-02-10 15:18:44,575 - training.strategies.hybrid_end_to_end - INFO - Final Test Accuracy: 0.5050
2026-02-10 15:18:44,580 - utils.logger - INFO - Experiment data saved to ./output/train_angle_raw_20260210_143448
2026-02-10 15:18:44,580 - __main__ - ERROR - Job failed with error: 'list' object has no attribute 'get'
Traceback (most recent call last):
  File "/teamspace/studios/this_studio/QCNN_project/main.py", line 305, in main
    plot_training_metrics(
    ~~~~~~~~~~~~~~~~~~~~~^
        history=history_list,
        ^^^^^^^^^^^^^^^^^^^^^
    ...<3 lines>...
        title=plot_title,
        ^^^^^^^^^^^^^^^^^
    )
    ^
  File "/teamspace/studios/this_studio/QCNN_project/src/utils/plotter.py", line 45, in plot_training_metrics
    epochs = range(1, len(history.get("loss", [])) + 1)
                          ^^^^^^^^^^^
AttributeError: 'list' object has no attribute 'get'
2026-02-10 15:18:44,582 - utils.notifications - WARNING - LINE Channel Access Token is missing. Notification not sent.
