2026-02-10 13:22:09,688 - __main__ - INFO - Initializing experiment with configuration:
task_name: train
model_type: standard
dataset_name: fashionmnist
data_path: ./data
n_train: 1000
n_test: 200
n_val: 200
digits:
- 0
- 2
- 4
- 6
target_dim: null
preprocessors: []
n_pop: 20
n_gen: 10
n_gates: 200
mutation_rate: 0.1
engine_type: hybrid
train_epochs: 30
train_lr: 0.001
gradient_method: spsa
device: null
use_v2_primitives: true
use_scheduler: true
scheduler_patience: 5
scheduler_factor: 0.5
strategy_type: hybrid
eval_epochs: 5
eval_lr: 0.01
eval_max_iter: 50
feature_map_type: angle
num_qubits: 16
verbose: true
seed: 42
save_dir: ./output
output_dir: ./output
resume_dir: null
notifications:
  enabled: true
  title: binary class experiment [0, 2, 4, 6]
binary_groups:
- - 0
- - 2
  - 4
  - 6
n_qubits: 4
encoding_dim: 16

2026-02-10 13:22:09,689 - data.dataset.fashion_mnist_dataset - INFO - Loading FashionMNIST data from ./data
2026-02-10 13:22:09,785 - data.dataset.fashion_mnist_dataset - INFO - Using binary groups: [[0], [2, 4, 6]]
2026-02-10 13:22:09,790 - data.dataset.fashion_mnist_dataset - INFO - Subsampled group 1 from 18000 to 6000 to match group 0
2026-02-10 13:22:09,831 - data.dataset.fashion_mnist_dataset - INFO - Loaded 12000 samples with binary groups.
2026-02-10 13:22:09,949 - __main__ - INFO - Starting Task: Standard Training
2026-02-10 13:22:09,952 - __main__ - INFO - Using Hybrid End-to-End Strategy
2026-02-10 13:22:09,960 - models.hybrid.end_to_end - INFO - Classical Encoder Unfrozen (Trainable).
2026-02-10 13:22:09,960 - models.hybrid.end_to_end - WARNING - Encoding dim (16) != num_qubits (4). Adding a projection layer.
2026-02-10 13:22:09,974 - qiskit_machine_learning.neural_networks.estimator_qnn - WARNING - No gradient function provided, creating a gradient function. If your Estimator requires transpilation, please provide a pass manager.
2026-02-10 13:22:10,098 - qiskit.passmanager.base_tasks - INFO - Pass: TranslateParameterizedGates - 0.34094 (ms)
2026-02-10 13:24:18,873 - training.strategies.hybrid_end_to_end - INFO - Epoch 1/30 - Loss: 1.0987 - Train Acc: 0.4940 - Val Acc: 0.5000
2026-02-10 13:26:29,705 - training.strategies.hybrid_end_to_end - INFO - Epoch 2/30 - Loss: 1.0569 - Train Acc: 0.4940 - Val Acc: 0.5000
2026-02-10 13:28:34,352 - training.strategies.hybrid_end_to_end - INFO - Epoch 3/30 - Loss: 1.0273 - Train Acc: 0.4940 - Val Acc: 0.5000
2026-02-10 13:30:43,243 - training.strategies.hybrid_end_to_end - INFO - Epoch 4/30 - Loss: 1.0097 - Train Acc: 0.4940 - Val Acc: 0.5000
2026-02-10 13:32:53,888 - training.strategies.hybrid_end_to_end - INFO - Epoch 5/30 - Loss: 0.9992 - Train Acc: 0.4940 - Val Acc: 0.5000
2026-02-10 13:34:56,568 - training.strategies.hybrid_end_to_end - INFO - Epoch 6/30 - Loss: 0.9917 - Train Acc: 0.4960 - Val Acc: 0.5000
2026-02-10 13:37:05,940 - training.strategies.hybrid_end_to_end - INFO - Epoch 7/30 - Loss: 0.9862 - Train Acc: 0.5120 - Val Acc: 0.5450
2026-02-10 13:39:11,550 - training.strategies.hybrid_end_to_end - INFO - Epoch 8/30 - Loss: 0.9821 - Train Acc: 0.5880 - Val Acc: 0.6100
2026-02-10 13:41:19,328 - training.strategies.hybrid_end_to_end - INFO - Epoch 9/30 - Loss: 0.9779 - Train Acc: 0.6460 - Val Acc: 0.6500
2026-02-10 13:43:42,961 - training.strategies.hybrid_end_to_end - INFO - Epoch 10/30 - Loss: 0.9748 - Train Acc: 0.6770 - Val Acc: 0.6800
2026-02-10 13:46:16,338 - training.strategies.hybrid_end_to_end - INFO - Epoch 11/30 - Loss: 0.9719 - Train Acc: 0.6970 - Val Acc: 0.6850
2026-02-10 13:48:58,870 - training.strategies.hybrid_end_to_end - INFO - Epoch 12/30 - Loss: 0.9691 - Train Acc: 0.7060 - Val Acc: 0.7100
2026-02-10 13:51:40,205 - training.strategies.hybrid_end_to_end - INFO - Epoch 13/30 - Loss: 0.9662 - Train Acc: 0.7090 - Val Acc: 0.6750
2026-02-10 13:53:49,284 - training.strategies.hybrid_end_to_end - INFO - Epoch 14/30 - Loss: 0.9643 - Train Acc: 0.7120 - Val Acc: 0.6900
2026-02-10 13:55:52,011 - training.strategies.hybrid_end_to_end - INFO - Epoch 15/30 - Loss: 0.9615 - Train Acc: 0.7170 - Val Acc: 0.6900
2026-02-10 13:57:58,972 - training.strategies.hybrid_end_to_end - INFO - Epoch 16/30 - Loss: 0.9605 - Train Acc: 0.6950 - Val Acc: 0.6950
2026-02-10 14:00:00,469 - training.strategies.hybrid_end_to_end - INFO - Epoch 17/30 - Loss: 0.9586 - Train Acc: 0.7120 - Val Acc: 0.6850
2026-02-10 14:02:06,757 - training.strategies.hybrid_end_to_end - INFO - Epoch 18/30 - Loss: 0.9568 - Train Acc: 0.6940 - Val Acc: 0.6800
2026-02-10 14:04:16,586 - training.strategies.hybrid_end_to_end - INFO - Epoch 19/30 - Loss: 0.9546 - Train Acc: 0.7020 - Val Acc: 0.6600
2026-02-10 14:06:24,105 - training.strategies.hybrid_end_to_end - INFO - Epoch 20/30 - Loss: 0.9532 - Train Acc: 0.7070 - Val Acc: 0.6750
2026-02-10 14:08:31,287 - training.strategies.hybrid_end_to_end - INFO - Epoch 21/30 - Loss: 0.9506 - Train Acc: 0.7120 - Val Acc: 0.6650
2026-02-10 14:10:03,960 - training.strategies.hybrid_end_to_end - INFO - Epoch 22/30 - Loss: 0.9505 - Train Acc: 0.7000 - Val Acc: 0.6650
2026-02-10 14:11:32,427 - training.strategies.hybrid_end_to_end - INFO - Epoch 23/30 - Loss: 0.9492 - Train Acc: 0.7040 - Val Acc: 0.6500
2026-02-10 14:13:00,186 - training.strategies.hybrid_end_to_end - INFO - Epoch 24/30 - Loss: 0.9476 - Train Acc: 0.7160 - Val Acc: 0.6550
2026-02-10 14:14:28,922 - training.strategies.hybrid_end_to_end - INFO - Epoch 25/30 - Loss: 0.9475 - Train Acc: 0.7080 - Val Acc: 0.6500
2026-02-10 14:15:57,335 - training.strategies.hybrid_end_to_end - INFO - Epoch 26/30 - Loss: 0.9455 - Train Acc: 0.7130 - Val Acc: 0.6500
2026-02-10 14:17:25,233 - training.strategies.hybrid_end_to_end - INFO - Epoch 27/30 - Loss: 0.9451 - Train Acc: 0.7070 - Val Acc: 0.6550
2026-02-10 14:18:52,983 - training.strategies.hybrid_end_to_end - INFO - Epoch 28/30 - Loss: 0.9445 - Train Acc: 0.7100 - Val Acc: 0.6550
2026-02-10 14:20:21,326 - training.strategies.hybrid_end_to_end - INFO - Epoch 29/30 - Loss: 0.9433 - Train Acc: 0.7100 - Val Acc: 0.6500
2026-02-10 14:21:49,361 - training.strategies.hybrid_end_to_end - INFO - Epoch 30/30 - Loss: 0.9423 - Train Acc: 0.7080 - Val Acc: 0.6450
2026-02-10 14:21:49,724 - training.strategies.hybrid_end_to_end - INFO - Final Test Accuracy: 0.6600
2026-02-10 14:21:49,730 - utils.logger - INFO - Experiment data saved to ./output/train_angle_raw_20260210_132209
2026-02-10 14:21:49,730 - __main__ - ERROR - Job failed with error: 'list' object has no attribute 'get'
Traceback (most recent call last):
  File "/teamspace/studios/this_studio/QCNN_project/main.py", line 305, in main
    plot_training_metrics(
    ~~~~~~~~~~~~~~~~~~~~~^
        history=history_list,
        ^^^^^^^^^^^^^^^^^^^^^
    ...<3 lines>...
        title=plot_title,
        ^^^^^^^^^^^^^^^^^
    )
    ^
  File "/teamspace/studios/this_studio/QCNN_project/src/utils/plotter.py", line 45, in plot_training_metrics
    epochs = range(1, len(history.get("loss", [])) + 1)
                          ^^^^^^^^^^^
AttributeError: 'list' object has no attribute 'get'
2026-02-10 14:21:49,733 - utils.notifications - WARNING - LINE Channel Access Token is missing. Notification not sent.
