2026-02-10 14:28:08,499 - __main__ - INFO - Initializing experiment with configuration:
task_name: train
model_type: standard
dataset_name: fashionmnist
data_path: ./data
n_train: 1000
n_test: 200
n_val: 200
digits:
- 0
- 2
- 4
- 6
target_dim: null
preprocessors: []
n_pop: 20
n_gen: 10
n_gates: 200
mutation_rate: 0.1
engine_type: hybrid
train_epochs: 30
train_lr: 0.001
gradient_method: spsa
device: null
use_v2_primitives: true
use_scheduler: true
scheduler_patience: 5
scheduler_factor: 0.5
strategy_type: hybrid
eval_epochs: 5
eval_lr: 0.01
eval_max_iter: 50
feature_map_type: angle
num_qubits: 16
verbose: true
seed: 42
save_dir: ./output
output_dir: ./output
resume_dir: null
notifications:
  enabled: true
  title: binary class experiment [0, 2, 4, 6]
binary_groups:
- - 4
- - 0
  - 2
  - 6
n_qubits: 4
encoding_dim: 16

2026-02-10 14:28:08,500 - data.dataset.fashion_mnist_dataset - INFO - Loading FashionMNIST data from ./data
2026-02-10 14:28:08,561 - data.dataset.fashion_mnist_dataset - INFO - Using binary groups: [[4], [0, 2, 6]]
2026-02-10 14:28:08,563 - data.dataset.fashion_mnist_dataset - INFO - Subsampled group 1 from 18000 to 6000 to match group 0
2026-02-10 14:28:08,602 - data.dataset.fashion_mnist_dataset - INFO - Loaded 12000 samples with binary groups.
2026-02-10 14:28:08,666 - __main__ - INFO - Starting Task: Standard Training
2026-02-10 14:28:08,667 - __main__ - INFO - Using Hybrid End-to-End Strategy
2026-02-10 14:28:08,673 - models.hybrid.end_to_end - INFO - Classical Encoder Unfrozen (Trainable).
2026-02-10 14:28:08,674 - models.hybrid.end_to_end - WARNING - Encoding dim (16) != num_qubits (4). Adding a projection layer.
2026-02-10 14:28:08,681 - qiskit_machine_learning.neural_networks.estimator_qnn - WARNING - No gradient function provided, creating a gradient function. If your Estimator requires transpilation, please provide a pass manager.
2026-02-10 14:28:08,753 - qiskit.passmanager.base_tasks - INFO - Pass: TranslateParameterizedGates - 0.21386 (ms)
2026-02-10 14:29:34,534 - training.strategies.hybrid_end_to_end - INFO - Epoch 1/30 - Loss: 1.1667 - Train Acc: 0.5060 - Val Acc: 0.5000
2026-02-10 14:31:01,956 - training.strategies.hybrid_end_to_end - INFO - Epoch 2/30 - Loss: 1.1158 - Train Acc: 0.5060 - Val Acc: 0.5000
2026-02-10 14:32:29,942 - training.strategies.hybrid_end_to_end - INFO - Epoch 3/30 - Loss: 1.0778 - Train Acc: 0.5060 - Val Acc: 0.5000
2026-02-10 14:33:55,196 - training.strategies.hybrid_end_to_end - INFO - Epoch 4/30 - Loss: 1.0507 - Train Acc: 0.5030 - Val Acc: 0.4750
2026-02-10 14:35:22,578 - training.strategies.hybrid_end_to_end - INFO - Epoch 5/30 - Loss: 1.0347 - Train Acc: 0.4890 - Val Acc: 0.4500
2026-02-10 14:36:51,362 - training.strategies.hybrid_end_to_end - INFO - Epoch 6/30 - Loss: 1.0278 - Train Acc: 0.4640 - Val Acc: 0.4250
2026-02-10 14:38:20,153 - training.strategies.hybrid_end_to_end - INFO - Epoch 7/30 - Loss: 1.0238 - Train Acc: 0.4470 - Val Acc: 0.4200
2026-02-10 14:39:48,098 - training.strategies.hybrid_end_to_end - INFO - Epoch 8/30 - Loss: 1.0225 - Train Acc: 0.4310 - Val Acc: 0.4050
2026-02-10 14:41:17,694 - training.strategies.hybrid_end_to_end - INFO - Epoch 9/30 - Loss: 1.0217 - Train Acc: 0.4290 - Val Acc: 0.4000
2026-02-10 14:42:46,271 - training.strategies.hybrid_end_to_end - INFO - Epoch 10/30 - Loss: 1.0219 - Train Acc: 0.4330 - Val Acc: 0.4050
2026-02-10 14:44:14,298 - training.strategies.hybrid_end_to_end - INFO - Epoch 11/30 - Loss: 1.0208 - Train Acc: 0.4410 - Val Acc: 0.4100
2026-02-10 14:45:43,485 - training.strategies.hybrid_end_to_end - INFO - Epoch 12/30 - Loss: 1.0210 - Train Acc: 0.4350 - Val Acc: 0.4000
2026-02-10 14:47:12,530 - training.strategies.hybrid_end_to_end - INFO - Epoch 13/30 - Loss: 1.0202 - Train Acc: 0.4400 - Val Acc: 0.4400
2026-02-10 14:48:41,314 - training.strategies.hybrid_end_to_end - INFO - Epoch 14/30 - Loss: 1.0199 - Train Acc: 0.4380 - Val Acc: 0.4300
2026-02-10 14:50:10,921 - training.strategies.hybrid_end_to_end - INFO - Epoch 15/30 - Loss: 1.0196 - Train Acc: 0.4450 - Val Acc: 0.4250
2026-02-10 14:51:41,179 - training.strategies.hybrid_end_to_end - INFO - Epoch 16/30 - Loss: 1.0196 - Train Acc: 0.4420 - Val Acc: 0.4100
2026-02-10 14:53:11,990 - training.strategies.hybrid_end_to_end - INFO - Epoch 17/30 - Loss: 1.0190 - Train Acc: 0.4330 - Val Acc: 0.4000
2026-02-10 14:54:41,831 - training.strategies.hybrid_end_to_end - INFO - Epoch 18/30 - Loss: 1.0181 - Train Acc: 0.4320 - Val Acc: 0.4000
2026-02-10 14:56:11,363 - training.strategies.hybrid_end_to_end - INFO - Epoch 19/30 - Loss: 1.0182 - Train Acc: 0.4320 - Val Acc: 0.4350
2026-02-10 14:57:44,166 - training.strategies.hybrid_end_to_end - INFO - Epoch 20/30 - Loss: 1.0170 - Train Acc: 0.4510 - Val Acc: 0.4150
2026-02-10 14:59:16,020 - training.strategies.hybrid_end_to_end - INFO - Epoch 21/30 - Loss: 1.0181 - Train Acc: 0.4370 - Val Acc: 0.4150
2026-02-10 15:00:47,020 - training.strategies.hybrid_end_to_end - INFO - Epoch 22/30 - Loss: 1.0164 - Train Acc: 0.4420 - Val Acc: 0.4050
2026-02-10 15:02:16,578 - training.strategies.hybrid_end_to_end - INFO - Epoch 23/30 - Loss: 1.0164 - Train Acc: 0.4370 - Val Acc: 0.4100
2026-02-10 15:03:45,836 - training.strategies.hybrid_end_to_end - INFO - Epoch 24/30 - Loss: 1.0159 - Train Acc: 0.4390 - Val Acc: 0.4100
2026-02-10 15:05:16,155 - training.strategies.hybrid_end_to_end - INFO - Epoch 25/30 - Loss: 1.0154 - Train Acc: 0.4490 - Val Acc: 0.4250
2026-02-10 15:06:46,811 - training.strategies.hybrid_end_to_end - INFO - Epoch 26/30 - Loss: 1.0146 - Train Acc: 0.4470 - Val Acc: 0.4300
2026-02-10 15:08:16,794 - training.strategies.hybrid_end_to_end - INFO - Epoch 27/30 - Loss: 1.0154 - Train Acc: 0.4550 - Val Acc: 0.4150
2026-02-10 15:09:48,508 - training.strategies.hybrid_end_to_end - INFO - Epoch 28/30 - Loss: 1.0143 - Train Acc: 0.4530 - Val Acc: 0.4150
2026-02-10 15:11:17,020 - training.strategies.hybrid_end_to_end - INFO - Epoch 29/30 - Loss: 1.0148 - Train Acc: 0.4450 - Val Acc: 0.4350
2026-02-10 15:12:45,898 - training.strategies.hybrid_end_to_end - INFO - Epoch 30/30 - Loss: 1.0146 - Train Acc: 0.4390 - Val Acc: 0.4250
2026-02-10 15:12:46,296 - training.strategies.hybrid_end_to_end - INFO - Final Test Accuracy: 0.4200
2026-02-10 15:12:46,302 - utils.logger - INFO - Experiment data saved to ./output/train_angle_raw_20260210_142808
2026-02-10 15:12:46,303 - __main__ - ERROR - Job failed with error: 'list' object has no attribute 'get'
Traceback (most recent call last):
  File "/teamspace/studios/this_studio/QCNN_project/main.py", line 305, in main
    plot_training_metrics(
    ~~~~~~~~~~~~~~~~~~~~~^
        history=history_list,
        ^^^^^^^^^^^^^^^^^^^^^
    ...<3 lines>...
        title=plot_title,
        ^^^^^^^^^^^^^^^^^
    )
    ^
  File "/teamspace/studios/this_studio/QCNN_project/src/utils/plotter.py", line 45, in plot_training_metrics
    epochs = range(1, len(history.get("loss", [])) + 1)
                          ^^^^^^^^^^^
AttributeError: 'list' object has no attribute 'get'
2026-02-10 15:12:46,305 - utils.notifications - WARNING - LINE Channel Access Token is missing. Notification not sent.
